\BOOKMARK [0][-]{chapter*.2}{\376\377\000I\000n\000t\000r\000o\000d\000u\000c\000t\000i\000o\000n}{}% 1
\BOOKMARK [0][-]{chapter.1}{\376\377\000T\000r\000i\000a\000n\000g\000l\000e}{}% 2
\BOOKMARK [0][-]{chapter.2}{\376\377\000Q\000u\000a\000d\000r\000i\000l\000a\000t\000e\000r\000a\000l}{}% 3
\BOOKMARK [0][-]{chapter.3}{\376\377\000C\000i\000r\000c\000l\000e}{}% 4
\BOOKMARK [0][-]{chapter.4}{\376\377\000M\000i\000s\000c\000e\000l\000l\000a\000n\000e\000o\000u\000s\000\040}{}% 5
\BOOKMARK [0][-]{appendix.A}{\376\377\000B\000a\000u\000d\000h\000a\000y\000a\000n\000a\000\040\000T\000h\000e\000o\000r\000e\000m}{}% 6
\BOOKMARK [1][-]{section.A.1}{\376\377\000T\000h\000e\000\040\000R\000i\000g\000h\000t\000\040\000A\000n\000g\000l\000e\000d\000\040\000T\000r\000i\000a\000n\000g\000l\000e}{appendix.A}% 7
\BOOKMARK [1][-]{section.A.2}{\376\377\000S\000u\000m\000\040\000o\000f\000\040\000A\000n\000g\000l\000e\000s}{appendix.A}% 8
\BOOKMARK [1][-]{section.A.3}{\376\377\000P\000r\000o\000o\000f\000\040\000o\000f\000\040\000B\000a\000u\000d\000h\000a\000y\000a\000n\000a\000\040\000T\000h\000e\000o\000r\000e\000m}{appendix.A}% 9
\BOOKMARK [0][-]{appendix.B}{\376\377\000A\000r\000e\000a\000\040\000o\000f\000\040\000a\000\040\000T\000r\000i\000a\000n\000g\000l\000e}{}% 10
\BOOKMARK [1][-]{section.B.1}{\376\377\000F\000r\000o\000m\000\040\000a\000\040\000R\000e\000c\000t\000a\000n\000g\000l\000e}{appendix.B}% 11
\BOOKMARK [1][-]{section.B.2}{\376\377\000S\000i\000n\000e\000\040\000a\000n\000d\000\040\000C\000o\000s\000i\000n\000e\000\040\000f\000o\000r\000m\000u\000l\000a}{appendix.B}% 12
\BOOKMARK [1][-]{section.B.3}{\376\377\000H\000e\000r\000o\000'\000s\000\040\000f\000o\000r\000m\000u\000l\000a}{appendix.B}% 13
\BOOKMARK [0][-]{appendix.C}{\376\377\000C\000i\000r\000c\000u\000m\000c\000e\000n\000t\000r\000e}{}% 14
\BOOKMARK [1][-]{section.C.1}{\376\377\000L\000o\000c\000a\000t\000i\000n\000g\000\040\000t\000h\000e\000\040\000C\000i\000r\000c\000u\000m\000c\000e\000n\000t\000r\000e}{appendix.C}% 15
\BOOKMARK [1][-]{section.C.2}{\376\377\000F\000i\000n\000d\000i\000n\000g\000\040\000t\000h\000e\000\040\000C\000i\000r\000c\000u\000m\000r\000a\000d\000i\000u\000s}{appendix.C}% 16
\BOOKMARK [1][-]{section.C.3}{\376\377\000D\000r\000a\000w\000i\000n\000g\000\040\000t\000h\000e\000\040\000C\000i\000r\000c\000u\000m\000c\000i\000r\000c\000l\000e}{appendix.C}% 17
\BOOKMARK [0][-]{appendix.D}{\376\377\000I\000n\000c\000e\000n\000t\000r\000e}{}% 18
\BOOKMARK [1][-]{section.D.1}{\376\377\000L\000o\000c\000a\000t\000i\000n\000g\000\040\000t\000h\000e\000\040\000I\000n\000c\000e\000n\000t\000r\000e}{appendix.D}% 19
\BOOKMARK [1][-]{section.D.2}{\376\377\000D\000r\000a\000w\000i\000n\000g\000\040\000t\000h\000e\000\040\000I\000n\000c\000i\000r\000c\000l\000e}{appendix.D}% 20
\BOOKMARK [1][-]{section.D.3}{\376\377\000C\000o\000n\000g\000r\000u\000e\000n\000t\000\040\000T\000r\000i\000a\000n\000g\000l\000e\000s}{appendix.D}% 21
\BOOKMARK [0][-]{appendix.E}{\376\377\000M\000e\000d\000i\000a\000n\000s\000\040\000o\000f\000\040\000a\000\040\000T\000r\000i\000a\000n\000g\000l\000e}{}% 22
\BOOKMARK [1][-]{section.E.1}{\376\377\000B\000a\000s\000i\000c\000\040\000P\000r\000o\000p\000o\000r\000t\000i\000o\000n\000a\000l\000i\000t\000y\000\040\000T\000h\000e\000o\000r\000e\000m}{appendix.E}% 23
\BOOKMARK [1][-]{section.E.2}{\376\377\000S\000i\000m\000i\000l\000a\000r\000\040\000T\000r\000i\000a\000n\000g\000l\000e\000s}{appendix.E}% 24
\BOOKMARK [1][-]{section.E.3}{\376\377\000C\000e\000n\000t\000r\000o\000i\000d}{appendix.E}% 25
\BOOKMARK [1][-]{section.E.4}{\376\377\000M\000e\000d\000i\000a\000n\000\040\000a\000n\000d\000\040\000A\000r\000e\000a}{appendix.E}% 26
\BOOKMARK [1][-]{section.E.5}{\376\377\000P\000a\000r\000a\000l\000l\000e\000l\000o\000g\000r\000a\000m}{appendix.E}% 27
\BOOKMARK [0][-]{appendix.F}{\376\377\000C\000i\000r\000c\000l\000e\000s}{}% 28
\BOOKMARK [1][-]{section.F.1}{\376\377\000A\000r\000e\000a\000\040\000o\000f\000\040\000a\000\040\000C\000i\000r\000c\000l\000e}{appendix.F}% 29
\BOOKMARK [1][-]{section.F.2}{\376\377\000M\000i\000s\000c\000e\000l\000l\000a\000n\000e\000o\000u\000s\000\040\000P\000r\000o\000p\000e\000r\000t\000i\000e\000s}{appendix.F}% 30
\BOOKMARK [0][-]{appendix.G}{\376\377\000M\000i\000s\000c\000e\000l\000l\000a\000n\000e\000o\000u\000s}{}% 31
\BOOKMARK [1][-]{section.G.1}{\376\377\000T\000r\000i\000g\000o\000n\000o\000m\000e\000t\000r\000i\000c\000\040\000I\000d\000e\000n\000t\000i\000t\000i\000e\000s}{appendix.G}% 32
\BOOKMARK [1][-]{section.G.2}{\376\377\000C\000o\000n\000s\000t\000r\000u\000c\000t\000i\000o\000n\000s}{appendix.G}% 33
\BOOKMARK [1][-]{section.G.3}{\376\377\000A\000l\000t\000i\000t\000u\000d\000e\000s\000\040\000o\000f\000\040\000a\000\040\000T\000r\000i\000a\000n\000g\000l\000e}{appendix.G}% 34
