VPR FPGA Placement and Routing.
Version: 8.1.0-dev+dadca7ecf-dirty
Revision: v8.0.0-rc2-2909-gdadca7ecf-dirty
Compiled: 2024-01-08T10:07:24
Compiler: GNU 11.4.0 on Linux-6.2.0-39-generic x86_64
Build Info: release IPO VTR_ASSERT_LEVEL=2

University of Toronto
verilogtorouting.org
vtr-users@googlegroups.com
This is free open source code under MIT license.

VPR was run with the following command-line:
vpr /home/nikhil/Desktop/fpga/symbiflow/quicklogic-arch-defs/share/arch/ql-eos-s3_wlcsp/arch.timing.xml AL4S3B_FPGA_Top.eblif --device ql-eos-s3 --max_router_iterations 500 --routing_failure_predictor off --router_high_fanout_threshold -1 --constant_net_method route --route_chan_width 100 --clock_modeling route --place_delay_model delta_override --router_lookahead map --check_route quick --strict_checks off --allow_dangling_combinational_nodes on --disable_errors check_unbuffered_edges:check_route --congested_routing_iteration_threshold 0.8 --incremental_reroute_delay_ripup off --base_cost_type delay_normalized_length_bounded --bb_factor 10 --initial_pres_fac 4.0 --check_rr_graph off --suppress_warnings ,sum_pin_class:check_unbuffered_edges:load_rr_indexed_data_T_values:check_rr_node:trans_per_R:check_route:set_rr_graph_tool_comment:warn_model_missing_timing --read_rr_graph /home/nikhil/Desktop/fpga/symbiflow/quicklogic-arch-defs/share/arch/ql-eos-s3_wlcsp/rr_graph_ql-eos-s3_wlcsp.rr_graph.real.bin --read_placement_delay_lookup /home/nikhil/Desktop/fpga/symbiflow/quicklogic-arch-defs/share/arch/ql-eos-s3_wlcsp/rr_graph_ql-eos-s3_wlcsp.place_delay.bin --sdc_file /home/nikhil/Music/embedded-system-main/inter-chip/esp32-fpga/led/codes/fpga/rtl/build/AL4S3B_FPGA_Top_dummy.sdc --pack


Architecture file: /home/nikhil/Desktop/fpga/symbiflow/quicklogic-arch-defs/share/arch/ql-eos-s3_wlcsp/arch.timing.xml
Circuit name: AL4S3B_FPGA_Top

# Loading Architecture Description
# Loading Architecture Description took 0.81 seconds (max_rss 37.8 MiB, delta_rss +23.0 MiB)
# Building complex block graph
# Building complex block graph took 0.07 seconds (max_rss 44.6 MiB, delta_rss +6.8 MiB)
# Load circuit
# Load circuit took 0.02 seconds (max_rss 48.8 MiB, delta_rss +4.1 MiB)
# Clean circuit
Absorbed 1821 LUT buffers
Inferred  106 additional primitive pins as constant generators since they have no combinationally connected inputs
Inferred   57 additional primitive pins as constant generators due to constant inputs
Inferred    0 additional primitive pins as constant generators since they have no combinationally connected inputs
Inferred    0 additional primitive pins as constant generators due to constant inputs
Inferred    0 additional primitive pins as constant generators since they have no combinationally connected inputs
Inferred    0 additional primitive pins as constant generators due to constant inputs
Swept input(s)      : 0
Swept output(s)     : 0 (0 dangling, 0 constant)
Swept net(s)        : 85
Swept block(s)      : 1
Constant Pins Marked: 163
# Clean circuit took 0.01 seconds (max_rss 51.8 MiB, delta_rss +3.0 MiB)
# Compress circuit
# Compress circuit took 0.00 seconds (max_rss 52.0 MiB, delta_rss +0.2 MiB)
# Verify circuit
# Verify circuit took 0.00 seconds (max_rss 52.0 MiB, delta_rss +0.0 MiB)
Circuit Statistics:
  Blocks: 362
    .input    :      32
    .output   :      32
    ASSP      :       1
    BIDIR_CELL:      32
    C_FRAG    :       4
    GMUX_IC   :       2
    GND       :       1
    Q_FRAG    :      70
    T_FRAG    :     187
    VCC       :       1
  Nets  : 418
    Avg Fanout:     5.2
    Max Fanout:   597.0
    Min Fanout:     1.0
Warning 1: Assuming clocks may propagate through u_gclkbuff_clock (GMUX_IC) from pin u_gclkbuff_clock.IC[0] to u_gclkbuff_clock.IZ[0] (assuming a non-inverting buffer).
Warning 2: Assumed 1 netlist logic connections may be clock buffers. To override this behaviour explicitly create clocks at the appropriate netlist pins.
  Netlist Clocks: 1
# Build Timing Graph
Warning 3: Assuming clocks may propagate through u_gclkbuff_clock (GMUX_IC) from pin u_gclkbuff_clock.IC[0] to u_gclkbuff_clock.IZ[0] (assuming a non-inverting buffer).
Warning 4: Assumed 1 netlist logic connections may be clock buffers. To override this behaviour explicitly create clocks at the appropriate netlist pins.
Adding edge from 'u_gclkbuff_clock.IC[0]' (tnode: 2371) -> 'u_gclkbuff_clock.IZ[0]' (tnode: 2372) to allow clocks to propagate
Adding edge from 'u_gclkbuff_reset.IC[0]' (tnode: 2374) -> 'u_gclkbuff_reset.IZ[0]' (tnode: 2375) to allow clocks to propagate
  Timing Graph Nodes: 2594
  Timing Graph Edges: 4019
  Timing Graph Levels: 14
# Build Timing Graph took 0.00 seconds (max_rss 52.0 MiB, delta_rss +0.0 MiB)
Warning 5: Assuming clocks may propagate through u_gclkbuff_clock (GMUX_IC) from pin u_gclkbuff_clock.IC[0] to u_gclkbuff_clock.IZ[0] (assuming a non-inverting buffer).
Warning 6: Assumed 1 netlist logic connections may be clock buffers. To override this behaviour explicitly create clocks at the appropriate netlist pins.
Netlist contains 1 clocks
  Netlist Clock 'u_AL4S3B_FPGA_IP.CLK_IP_i' Fanout: 1 pins (0.0%), 1 blocks (0.3%)
# Load Timing Constraints
Warning 7: Assuming clocks may propagate through u_gclkbuff_clock (GMUX_IC) from pin u_gclkbuff_clock.IC[0] to u_gclkbuff_clock.IZ[0] (assuming a non-inverting buffer).
Warning 8: Assumed 1 netlist logic connections may be clock buffers. To override this behaviour explicitly create clocks at the appropriate netlist pins.

SDC file '/home/nikhil/Music/embedded-system-main/inter-chip/esp32-fpga/led/codes/fpga/rtl/build/AL4S3B_FPGA_Top_dummy.sdc' contained no SDC commands
Warning 9: Assuming clocks may propagate through u_gclkbuff_clock (GMUX_IC) from pin u_gclkbuff_clock.IC[0] to u_gclkbuff_clock.IZ[0] (assuming a non-inverting buffer).
Warning 10: Assumed 1 netlist logic connections may be clock buffers. To override this behaviour explicitly create clocks at the appropriate netlist pins.
Setting default timing constraints:
   * constrain all primay inputs and primary outputs on netlist clock 'u_AL4S3B_FPGA_IP.CLK_IP_i'
   * optimize netlist clock to run as fast as possible
Timing constraints created 1 clocks
  Constrained Clock 'u_AL4S3B_FPGA_IP.CLK_IP_i' Source: 'u_qlal4s3b_cell_macro.Sys_Clk0[0]'

# Load Timing Constraints took 0.00 seconds (max_rss 52.0 MiB, delta_rss +0.0 MiB)
Timing analysis: ON
Circuit netlist file: AL4S3B_FPGA_Top.net
Circuit placement file: AL4S3B_FPGA_Top.place
Circuit routing file: AL4S3B_FPGA_Top.route
Circuit SDC file: /home/nikhil/Music/embedded-system-main/inter-chip/esp32-fpga/led/codes/fpga/rtl/build/AL4S3B_FPGA_Top_dummy.sdc

Packer: ENABLED
Placer: DISABLED
Router: DISABLED
Analysis: DISABLED

NetlistOpts.abosrb_buffer_luts            : true
NetlistOpts.sweep_dangling_primary_ios    : true
NetlistOpts.sweep_dangling_nets           : true
NetlistOpts.sweep_dangling_blocks         : true
NetlistOpts.sweep_constant_primary_outputs: false
NetlistOpts.netlist_verbosity             : 1
NetlistOpts.const_gen_inference           : COMB_SEQ

PackerOpts.allow_unrelated_clustering: auto
PackerOpts.alpha_clustering: 0.750000
PackerOpts.beta_clustering: 0.900000
PackerOpts.cluster_seed_type: BLEND2
PackerOpts.connection_driven: true
PackerOpts.global_clocks: true
PackerOpts.hill_climbing_flag: false
PackerOpts.inter_cluster_net_delay: 1.000000
PackerOpts.timing_driven: true
PackerOpts.target_external_pin_util: auto

RoutingArch.directionality: BI_DIRECTIONAL
RoutingArch.switch_block_type: WILTON
RoutingArch.Fs: 3

# Packing
Begin packing 'AL4S3B_FPGA_Top.eblif'.
Warning 11: All 4 clocks will be treated as global.

After removing unused inputs...
	total blocks: 362, total nets: 418, total inputs: 32, total outputs: 32
Begin prepacking.
Finish prepacking.
Using inter-cluster delay: 1.2e-14
Warning 12: Unable to determine most common block type (perhaps the device grid was empty?)
Warning 13: Unable to infer which block type is a logic block
Warning 14: Unable to identify logic block type to apply default pin utilization targets to; this may result in denser packing than desired
Warning 15: Unable to determine most common block type (perhaps the device grid was empty?)
Warning 16: Unable to infer which block type is a logic block
Warning 17: Unable to identify logic block type to apply default packer high fanout thresholds; this may result in denser packing than desired
Packing with pin utilization targets: TL-LOGIC:1,1 TL-RAM:1,1 TL-MULT:1,1 TL-BIDIR:1,1 TL-CLOCK:1,1 TL-SDIOMUX:1,1 TL-GMUX:1,1 TL-ASSP:1,1 TL-SYN_VCC:1,1 TL-SYN_GND:1,1
Packing with high fanout thresholds: TL-LOGIC:128 TL-RAM:128 TL-MULT:128 TL-BIDIR:128 TL-CLOCK:128 TL-SDIOMUX:128 TL-GMUX:128 TL-ASSP:128 TL-SYN_VCC:128 TL-SYN_GND:128
Not enough resources expand FPGA size to (39 x 35)
Complex block 0: 'u_qlal4s3b_cell_macro' (PB-ASSP) .
Complex block 1: '$iopadmap$AL4S3B_FPGA_Top.io_pad[0]' (PB-BIDIR) .
Complex block 2: '$iopadmap$AL4S3B_FPGA_Top.io_pad[1]' (PB-BIDIR) .
Complex block 3: '$iopadmap$AL4S3B_FPGA_Top.io_pad[10]' (PB-BIDIR) .
Complex block 4: '$iopadmap$AL4S3B_FPGA_Top.io_pad[11]' (PB-BIDIR) .
Complex block 5: '$iopadmap$AL4S3B_FPGA_Top.io_pad[12]' (PB-BIDIR) .
Complex block 6: '$iopadmap$AL4S3B_FPGA_Top.io_pad[13]' (PB-BIDIR) .
Complex block 7: '$iopadmap$AL4S3B_FPGA_Top.io_pad[14]' (PB-BIDIR) .
Complex block 8: '$iopadmap$AL4S3B_FPGA_Top.io_pad[15]' (PB-BIDIR) .
Complex block 9: '$iopadmap$AL4S3B_FPGA_Top.io_pad[16]' (PB-BIDIR) .
Complex block 10: '$iopadmap$AL4S3B_FPGA_Top.io_pad[17]' (PB-BIDIR) .
Complex block 11: '$iopadmap$AL4S3B_FPGA_Top.io_pad[18]' (PB-BIDIR) .
Complex block 12: '$iopadmap$AL4S3B_FPGA_Top.io_pad[19]' (PB-BIDIR) .
Complex block 13: '$iopadmap$AL4S3B_FPGA_Top.io_pad[2]' (PB-BIDIR) .
Complex block 14: '$iopadmap$AL4S3B_FPGA_Top.io_pad[20]' (PB-BIDIR) .
Complex block 15: '$iopadmap$AL4S3B_FPGA_Top.io_pad[21]' (PB-BIDIR) .
Complex block 16: '$iopadmap$AL4S3B_FPGA_Top.io_pad[22]' (PB-BIDIR) .
Complex block 17: '$iopadmap$AL4S3B_FPGA_Top.io_pad[23]' (PB-BIDIR) .
Complex block 18: '$iopadmap$AL4S3B_FPGA_Top.io_pad[24]' (PB-BIDIR) .
Complex block 19: '$iopadmap$AL4S3B_FPGA_Top.io_pad[25]' (PB-BIDIR) .
Complex block 20: '$iopadmap$AL4S3B_FPGA_Top.io_pad[26]' (PB-BIDIR) .
Complex block 21: '$iopadmap$AL4S3B_FPGA_Top.io_pad[27]' (PB-BIDIR) .
Complex block 22: '$iopadmap$AL4S3B_FPGA_Top.io_pad[28]' (PB-BIDIR) .
Complex block 23: '$iopadmap$AL4S3B_FPGA_Top.io_pad[29]' (PB-BIDIR) .
Complex block 24: '$iopadmap$AL4S3B_FPGA_Top.io_pad[3]' (PB-BIDIR) .
Complex block 25: '$iopadmap$AL4S3B_FPGA_Top.io_pad[30]' (PB-BIDIR) .
Complex block 26: '$iopadmap$AL4S3B_FPGA_Top.io_pad[31]' (PB-BIDIR) .
Complex block 27: '$iopadmap$AL4S3B_FPGA_Top.io_pad[4]' (PB-BIDIR) .
Complex block 28: '$iopadmap$AL4S3B_FPGA_Top.io_pad[5]' (PB-BIDIR) .
Complex block 29: '$iopadmap$AL4S3B_FPGA_Top.io_pad[6]' (PB-BIDIR) .
Complex block 30: '$iopadmap$AL4S3B_FPGA_Top.io_pad[7]' (PB-BIDIR) .
Complex block 31: '$iopadmap$AL4S3B_FPGA_Top.io_pad[8]' (PB-BIDIR) .
Complex block 32: '$iopadmap$AL4S3B_FPGA_Top.io_pad[9]' (PB-BIDIR) .
Complex block 33: 'u_AL4S3B_FPGA_IP.u_AL4S3B_FPGA_ONION_GPIOCTRL.GPIO_OE_dffc_Q_D_LUT3_O.t_frag' (PB-LOGIC) ..
Complex block 34: 'u_AL4S3B_FPGA_IP.u_AL4S3B_FPGA_ONION_GPIOCTRL.GPIO_OE_dffc_Q_1_D_LUT3_O.t_frag' (PB-LOGIC) ..
Complex block 35: 'u_AL4S3B_FPGA_IP.u_AL4S3B_FPGA_ONION_GPIOCTRL.GPIO_OE_dffc_Q_10_D_LUT3_O.t_frag' (PB-LOGIC) ..
Complex block 36: 'u_AL4S3B_FPGA_IP.u_AL4S3B_FPGA_ONION_GPIOCTRL.GPIO_OE_dffc_Q_11_D_LUT3_O.t_frag' (PB-LOGIC) ..
Complex block 37: 'u_AL4S3B_FPGA_IP.u_AL4S3B_FPGA_ONION_GPIOCTRL.GPIO_OE_dffc_Q_12_D_LUT3_O.t_frag' (PB-LOGIC) ..
Complex block 38: 'u_AL4S3B_FPGA_IP.u_AL4S3B_FPGA_ONION_GPIOCTRL.GPIO_OE_dffc_Q_13_D_LUT3_O.t_frag' (PB-LOGIC) ..
Complex block 39: 'u_AL4S3B_FPGA_IP.u_AL4S3B_FPGA_ONION_GPIOCTRL.GPIO_OE_dffc_Q_14_D_LUT3_O.t_frag' (PB-LOGIC) ..
Complex block 40: 'u_AL4S3B_FPGA_IP.u_AL4S3B_FPGA_ONION_GPIOCTRL.GPIO_OE_dffc_Q_15_D_LUT3_O.t_frag' (PB-LOGIC) ..
Complex block 41: 'u_AL4S3B_FPGA_IP.u_AL4S3B_FPGA_ONION_GPIOCTRL.GPIO_OE_dffc_Q_16_D_LUT3_O.t_frag' (PB-LOGIC) ..
Complex block 42: 'u_AL4S3B_FPGA_IP.u_AL4S3B_FPGA_ONION_GPIOCTRL.GPIO_OE_dffc_Q_17_D_LUT3_O.t_frag' (PB-LOGIC) ..
Complex block 43: 'u_AL4S3B_FPGA_IP.u_AL4S3B_FPGA_ONION_GPIOCTRL.GPIO_OE_dffc_Q_18_D_LUT3_O.t_frag' (PB-LOGIC) ..
Complex block 44: 'u_AL4S3B_FPGA_IP.u_AL4S3B_FPGA_ONION_GPIOCTRL.GPIO_OE_dffc_Q_19_D_LUT3_O.t_frag' (PB-LOGIC) ..
Complex block 45: 'u_AL4S3B_FPGA_IP.u_AL4S3B_FPGA_ONION_GPIOCTRL.GPIO_OE_dffc_Q_2_D_LUT3_O.t_frag' (PB-LOGIC) ..
Complex block 46: 'u_AL4S3B_FPGA_IP.u_AL4S3B_FPGA_ONION_GPIOCTRL.GPIO_OE_dffc_Q_20_D_LUT3_O.t_frag' (PB-LOGIC) ..
Complex block 47: 'u_AL4S3B_FPGA_IP.u_AL4S3B_FPGA_ONION_GPIOCTRL.GPIO_OE_dffc_Q_21_D_LUT3_O.t_frag' (PB-LOGIC) ..
Complex block 48: 'u_AL4S3B_FPGA_IP.u_AL4S3B_FPGA_ONION_GPIOCTRL.GPIO_OE_dffc_Q_22_D_LUT3_O.t_frag' (PB-LOGIC) ..
Complex block 49: 'u_AL4S3B_FPGA_IP.u_AL4S3B_FPGA_ONION_GPIOCTRL.GPIO_OE_dffc_Q_23_D_LUT3_O.t_frag' (PB-LOGIC) ..
Complex block 50: 'u_AL4S3B_FPGA_IP.u_AL4S3B_FPGA_ONION_GPIOCTRL.GPIO_OE_dffc_Q_24_D_LUT3_O.t_frag' (PB-LOGIC) ..
Complex block 51: 'u_AL4S3B_FPGA_IP.u_AL4S3B_FPGA_ONION_GPIOCTRL.GPIO_OE_dffc_Q_25_D_LUT3_O.t_frag' (PB-LOGIC) ..
Complex block 52: 'u_AL4S3B_FPGA_IP.u_AL4S3B_FPGA_ONION_GPIOCTRL.GPIO_OE_dffc_Q_26_D_LUT3_O.t_frag' (PB-LOGIC) ..
Complex block 53: 'u_AL4S3B_FPGA_IP.u_AL4S3B_FPGA_ONION_GPIOCTRL.GPIO_OE_dffc_Q_27_D_LUT3_O.t_frag' (PB-LOGIC) ..
Complex block 54: 'u_AL4S3B_FPGA_IP.u_AL4S3B_FPGA_ONION_GPIOCTRL.GPIO_OE_dffc_Q_28_D_LUT3_O.t_frag' (PB-LOGIC) ..
Complex block 55: 'u_AL4S3B_FPGA_IP.u_AL4S3B_FPGA_ONION_GPIOCTRL.GPIO_OE_dffc_Q_29_D_LUT3_O.t_frag' (PB-LOGIC) ..
Complex block 56: 'u_AL4S3B_FPGA_IP.u_AL4S3B_FPGA_ONION_GPIOCTRL.GPIO_OE_dffc_Q_3_D_LUT3_O.t_frag' (PB-LOGIC) ..
Complex block 57: 'u_AL4S3B_FPGA_IP.u_AL4S3B_FPGA_ONION_GPIOCTRL.GPIO_OE_dffc_Q_30_D_LUT3_O.t_frag' (PB-LOGIC) ..
Complex block 58: 'u_AL4S3B_FPGA_IP.u_AL4S3B_FPGA_ONION_GPIOCTRL.GPIO_OE_dffc_Q_31_D_LUT3_O.t_frag' (PB-LOGIC) ..
Complex block 59: 'u_AL4S3B_FPGA_IP.u_AL4S3B_FPGA_ONION_GPIOCTRL.GPIO_OE_dffc_Q_4_D_LUT3_O.t_frag' (PB-LOGIC) ..
Complex block 60: 'u_AL4S3B_FPGA_IP.u_AL4S3B_FPGA_ONION_GPIOCTRL.GPIO_OE_dffc_Q_5_D_LUT3_O.t_frag' (PB-LOGIC) ..
Complex block 61: 'u_AL4S3B_FPGA_IP.u_AL4S3B_FPGA_ONION_GPIOCTRL.GPIO_OE_dffc_Q_6_D_LUT3_O.t_frag' (PB-LOGIC) ..
Complex block 62: 'u_AL4S3B_FPGA_IP.u_AL4S3B_FPGA_ONION_GPIOCTRL.GPIO_OE_dffc_Q_7_D_LUT3_O.t_frag' (PB-LOGIC) ..
Complex block 63: 'u_AL4S3B_FPGA_IP.u_AL4S3B_FPGA_ONION_GPIOCTRL.GPIO_OE_dffc_Q_8_D_LUT3_O.t_frag' (PB-LOGIC) ..
Complex block 64: 'u_AL4S3B_FPGA_IP.u_AL4S3B_FPGA_ONION_GPIOCTRL.GPIO_OE_dffc_Q_9_D_LUT3_O.t_frag' (PB-LOGIC) ..
Complex block 65: 'u_AL4S3B_FPGA_IP.u_AL4S3B_FPGA_ONION_GPIOCTRL.GPIO_out_dffc_Q_D_LUT3_O.t_frag' (PB-LOGIC) ..
Complex block 66: 'u_AL4S3B_FPGA_IP.u_AL4S3B_FPGA_ONION_GPIOCTRL.GPIO_out_dffc_Q_1_D_LUT3_O.t_frag' (PB-LOGIC) ..
Complex block 67: 'u_AL4S3B_FPGA_IP.u_AL4S3B_FPGA_ONION_GPIOCTRL.GPIO_out_dffc_Q_10_D_LUT3_O.t_frag' (PB-LOGIC) ..
Complex block 68: 'u_AL4S3B_FPGA_IP.u_AL4S3B_FPGA_ONION_GPIOCTRL.GPIO_out_dffc_Q_11_D_LUT3_O.t_frag' (PB-LOGIC) ..
Complex block 69: 'u_AL4S3B_FPGA_IP.u_AL4S3B_FPGA_ONION_GPIOCTRL.GPIO_out_dffc_Q_12_D_LUT3_O.t_frag' (PB-LOGIC) ..
Complex block 70: 'u_AL4S3B_FPGA_IP.u_AL4S3B_FPGA_ONION_GPIOCTRL.GPIO_out_dffc_Q_13_D_LUT3_O.t_frag' (PB-LOGIC) ..
Complex block 71: 'u_AL4S3B_FPGA_IP.u_AL4S3B_FPGA_ONION_GPIOCTRL.GPIO_out_dffc_Q_14_D_LUT3_O.t_frag' (PB-LOGIC) ..
Complex block 72: 'u_AL4S3B_FPGA_IP.u_AL4S3B_FPGA_ONION_GPIOCTRL.GPIO_out_dffc_Q_15_D_LUT3_O.t_frag' (PB-LOGIC) ..
Complex block 73: 'u_AL4S3B_FPGA_IP.u_AL4S3B_FPGA_ONION_GPIOCTRL.GPIO_out_dffc_Q_16_D_LUT3_O.t_frag' (PB-LOGIC) ..
Complex block 74: 'u_AL4S3B_FPGA_IP.u_AL4S3B_FPGA_ONION_GPIOCTRL.GPIO_out_dffc_Q_17_D_LUT3_O.t_frag' (PB-LOGIC) ..
Complex block 75: 'u_AL4S3B_FPGA_IP.u_AL4S3B_FPGA_ONION_GPIOCTRL.GPIO_out_dffc_Q_18_D_LUT3_O.t_frag' (PB-LOGIC) ..
Complex block 76: 'u_AL4S3B_FPGA_IP.u_AL4S3B_FPGA_ONION_GPIOCTRL.GPIO_out_dffc_Q_19_D_LUT3_O.t_frag' (PB-LOGIC) ..
Complex block 77: 'u_AL4S3B_FPGA_IP.u_AL4S3B_FPGA_ONION_GPIOCTRL.GPIO_out_dffc_Q_2_D_LUT3_O.t_frag' (PB-LOGIC) ..
Complex block 78: 'u_AL4S3B_FPGA_IP.u_AL4S3B_FPGA_ONION_GPIOCTRL.GPIO_out_dffc_Q_20_D_LUT3_O.t_frag' (PB-LOGIC) ..
Complex block 79: 'u_AL4S3B_FPGA_IP.u_AL4S3B_FPGA_ONION_GPIOCTRL.GPIO_out_dffc_Q_21_D_LUT3_O.t_frag' (PB-LOGIC) ..
Complex block 80: 'u_AL4S3B_FPGA_IP.u_AL4S3B_FPGA_ONION_GPIOCTRL.GPIO_out_dffc_Q_22_D_LUT3_O.t_frag' (PB-LOGIC) ..
Complex block 81: 'u_AL4S3B_FPGA_IP.u_AL4S3B_FPGA_ONION_GPIOCTRL.GPIO_out_dffc_Q_23_D_LUT3_O.t_frag' (PB-LOGIC) ..
Complex block 82: 'u_AL4S3B_FPGA_IP.u_AL4S3B_FPGA_ONION_GPIOCTRL.GPIO_out_dffc_Q_24_D_LUT3_O.t_frag' (PB-LOGIC) ..
Complex block 83: 'u_AL4S3B_FPGA_IP.u_AL4S3B_FPGA_ONION_GPIOCTRL.GPIO_out_dffc_Q_25_D_LUT3_O.t_frag' (PB-LOGIC) ..
Complex block 84: 'u_AL4S3B_FPGA_IP.u_AL4S3B_FPGA_ONION_GPIOCTRL.GPIO_out_dffc_Q_26_D_LUT3_O.t_frag' (PB-LOGIC) ..
Complex block 85: 'u_AL4S3B_FPGA_IP.u_AL4S3B_FPGA_ONION_GPIOCTRL.GPIO_out_dffc_Q_27_D_LUT3_O.t_frag' (PB-LOGIC) ..
Complex block 86: 'u_AL4S3B_FPGA_IP.u_AL4S3B_FPGA_ONION_GPIOCTRL.GPIO_out_dffc_Q_28_D_LUT3_O.t_frag' (PB-LOGIC) ..
Complex block 87: 'u_AL4S3B_FPGA_IP.u_AL4S3B_FPGA_ONION_GPIOCTRL.GPIO_out_dffc_Q_29_D_LUT3_O.t_frag' (PB-LOGIC) ..
Complex block 88: 'u_AL4S3B_FPGA_IP.u_AL4S3B_FPGA_ONION_GPIOCTRL.GPIO_out_dffc_Q_3_D_LUT3_O.t_frag' (PB-LOGIC) ..
Complex block 89: 'u_AL4S3B_FPGA_IP.u_AL4S3B_FPGA_ONION_GPIOCTRL.GPIO_out_dffc_Q_30_D_LUT3_O.t_frag' (PB-LOGIC) ..
Complex block 90: 'u_AL4S3B_FPGA_IP.u_AL4S3B_FPGA_ONION_GPIOCTRL.GPIO_out_dffc_Q_31_D_LUT3_O.t_frag' (PB-LOGIC) ..
Complex block 91: 'u_AL4S3B_FPGA_IP.u_AL4S3B_FPGA_ONION_GPIOCTRL.GPIO_out_dffc_Q_4_D_LUT3_O.t_frag' (PB-LOGIC) ..
Complex block 92: 'u_AL4S3B_FPGA_IP.u_AL4S3B_FPGA_ONION_GPIOCTRL.GPIO_out_dffc_Q_5_D_LUT3_O.t_frag' (PB-LOGIC) ..
Complex block 93: 'u_AL4S3B_FPGA_IP.u_AL4S3B_FPGA_ONION_GPIOCTRL.GPIO_out_dffc_Q_6_D_LUT3_O.t_frag' (PB-LOGIC) ..
Complex block 94: 'u_AL4S3B_FPGA_IP.u_AL4S3B_FPGA_ONION_GPIOCTRL.GPIO_out_dffc_Q_7_D_LUT3_O.t_frag' (PB-LOGIC) ..
Complex block 95: 'u_AL4S3B_FPGA_IP.u_AL4S3B_FPGA_ONION_GPIOCTRL.GPIO_out_dffc_Q_8_D_LUT3_O.t_frag' (PB-LOGIC) ..
Complex block 96: 'u_AL4S3B_FPGA_IP.u_AL4S3B_FPGA_ONION_GPIOCTRL.GPIO_out_dffc_Q_9_D_LUT3_O.t_frag' (PB-LOGIC) ..
Complex block 97: 'u_AL4S3B_FPGA_IP.u_AL4S3B_FPGA_QL_Reserved.WBs_ACK_o_dffc_Q_D_LUT3_O.t_frag' (PB-LOGIC) ..
Complex block 98: 'u_AL4S3B_FPGA_IP.u_AL4S3B_FPGA_QL_Reserved.Default_Cntr_nxt_LUT2_O.t_frag' (PB-LOGIC) ..
Complex block 99: 'u_AL4S3B_FPGA_IP.u_AL4S3B_FPGA_ONION_GPIOCTRL.WBs_ACK_o_nxt_LUT2_O.t_frag' (PB-LOGIC) ..
Complex block 100: 'u_AL4S3B_FPGA_IP.u_AL4S3B_FPGA_QL_Reserved.Default_State_nxt_LUT3_O.t_frag' (PB-LOGIC) ..
Complex block 101: 'u_AL4S3B_FPGA_IP.u_AL4S3B_FPGA_QL_Reserved.Default_Cntr_nxt_LUT3_O.t_frag' (PB-LOGIC) ..
Complex block 102: 'u_AL4S3B_FPGA_IP.u_AL4S3B_FPGA_ONION_GPIOCTRL.WBs_WE_i_LUT4_I0.c_frag' (PB-LOGIC) .
Complex block 103: 'u_AL4S3B_FPGA_IP.u_AL4S3B_FPGA_QL_Reserved.Default_Cntr_dffp_Q_2' (PB-LOGIC) ...
Complex block 104: 'u_AL4S3B_FPGA_IP.u_AL4S3B_FPGA_ONION_GPIOCTRL.WBs_WE_i_LUT4_I0_I3_LUT4_O.c_frag' (PB-LOGIC) .
Complex block 105: 'u_AL4S3B_FPGA_IP.u_AL4S3B_FPGA_ONION_GPIOCTRL.WBs_WE_i_LUT4_I0_O_LUT3_I1_I2_LUT4_O.c_frag' (PB-LOGIC) .
Complex block 106: 'u_AL4S3B_FPGA_IP.u_AL4S3B_FPGA_ONION_GPIOCTRL.WBs_WE_i_LUT4_I0_O_LUT3_I1_I2_LUT4_O_I2_LUT4_O.c_frag' (PB-LOGIC) .
Complex block 107: 'WB_RST_LUT2_I0.t_frag' (PB-LOGIC) ..
Complex block 108: 'WBs_RD_DAT_LUT2_O_4.t_frag' (PB-LOGIC) ..
Complex block 109: 'WBs_RD_DAT_LUT3_O.t_frag' (PB-LOGIC) ..
Complex block 110: 'WBs_RD_DAT_LUT3_O_10.t_frag' (PB-LOGIC) ..
Complex block 111: 'WBs_RD_DAT_LUT3_O_11.t_frag' (PB-LOGIC) ..
Complex block 112: 'WBs_RD_DAT_LUT3_O_12.t_frag' (PB-LOGIC) ..
Complex block 113: 'WBs_RD_DAT_LUT3_O_13.t_frag' (PB-LOGIC) ..
Complex block 114: 'WBs_RD_DAT_LUT3_O_14.t_frag' (PB-LOGIC) ..
Complex block 115: 'WBs_RD_DAT_LUT3_O_15.t_frag' (PB-LOGIC) ..
Complex block 116: 'WBs_RD_DAT_LUT3_O_16.t_frag' (PB-LOGIC) ..
Complex block 117: 'WBs_RD_DAT_LUT3_O_17.t_frag' (PB-LOGIC) ..
Complex block 118: 'WBs_RD_DAT_LUT3_O_18.t_frag' (PB-LOGIC) ..
Complex block 119: 'WBs_RD_DAT_LUT3_O_19.t_frag' (PB-LOGIC) ..
Complex block 120: 'WBs_RD_DAT_LUT3_O_20.t_frag' (PB-LOGIC) ..
Complex block 121: 'WBs_RD_DAT_LUT3_O_21.t_frag' (PB-LOGIC) ..
Complex block 122: 'WBs_RD_DAT_LUT3_O_22_I0_LUT3_O.t_frag' (PB-LOGIC) ..
Complex block 123: 'WBs_RD_DAT_LUT3_O_3_I0_LUT3_O.t_frag' (PB-LOGIC) ..
Complex block 124: 'WBs_RD_DAT_LUT3_O_5_I0_LUT2_O.t_frag' (PB-LOGIC) ..
Complex block 125: 'WBs_RD_DAT_LUT3_O_9_I0_LUT2_O.t_frag' (PB-LOGIC) ..
Complex block 126: 'u_AL4S3B_FPGA_IP.WBs_DAT_o_ONION_GPIOCTRL_mux4x0_Q.t_frag' (PB-LOGIC) ..
Complex block 127: 'u_AL4S3B_FPGA_IP.WBs_DAT_o_ONION_GPIOCTRL_mux4x0_Q_16.t_frag' (PB-LOGIC) ..
Complex block 128: 'u_AL4S3B_FPGA_IP.u_AL4S3B_FPGA_ONION_GPIOCTRL.WBs_ADR_i_LUT2_I0_1.t_frag' (PB-LOGIC) ..
Complex block 129: 'u_AL4S3B_FPGA_IP.u_AL4S3B_FPGA_ONION_GPIOCTRL.WBs_WE_i_LUT4_I0_O_LUT3_I1_7_I2_LUT3_O.t_frag' (PB-LOGIC) ..
Complex block 130: 'u_AL4S3B_FPGA_IP.u_AL4S3B_FPGA_ONION_GPIOCTRL.WBs_WE_i_LUT4_I0_O_LUT3_I1_I2_LUT2_I0.t_frag' (PB-LOGIC) .
Complex block 131: 'u_gclkbuff_clock' (PB-GMUX) .
Complex block 132: 'u_gclkbuff_reset' (PB-GMUX) .
Complex block 133: '$false' (PB-SYN_GND) .
Complex block 134: '$true' (PB-SYN_VCC) .
	EMPTY: # blocks: 0, average # input + clock pins used: 0, average # output pins used: 0
	PB-GMUX: # blocks: 2, average # input + clock pins used: 2, average # output pins used: 1
	PB-LOGIC: # blocks: 98, average # input + clock pins used: 17.2347, average # output pins used: 1.95918
	PB-CLOCK: # blocks: 0, average # input + clock pins used: 0, average # output pins used: 0
	PB-MULT: # blocks: 0, average # input + clock pins used: 0, average # output pins used: 0
	PB-SDIOMUX: # blocks: 0, average # input + clock pins used: 0, average # output pins used: 0
	PB-RAM: # blocks: 0, average # input + clock pins used: 0, average # output pins used: 0
	PB-SYN_VCC: # blocks: 1, average # input + clock pins used: 0, average # output pins used: 1
	PB-BIDIR: # blocks: 32, average # input + clock pins used: 3, average # output pins used: 1
	PB-SYN_GND: # blocks: 1, average # input + clock pins used: 0, average # output pins used: 1
	PB-ASSP: # blocks: 1, average # input + clock pins used: 161, average # output pins used: 57
Absorbed logical nets 133 out of 418 nets, 285 nets not absorbed.
Incr Slack updates 1 in 1.9877e-05 sec
Full Max Req/Worst Slack updates 1 in 4.999e-06 sec
Incr Max Req/Worst Slack updates 0 in 0 sec
Incr Criticality updates 0 in 0 sec
Full Criticality updates 1 in 2.3821e-05 sec
FPGA sized to 39 x 35 (ql-eos-s3)
Device Utilization: 0.10 (target 1.00)
	Block Utilization: 0.40 Type: PB-GMUX
	Block Utilization: 0.11 Type: PB-LOGIC
	Block Utilization: 1.00 Type: PB-SYN_VCC
	Block Utilization: 1.00 Type: PB-BIDIR
	Block Utilization: 1.00 Type: PB-SYN_GND
	Block Utilization: 1.00 Type: PB-ASSP


Netlist conversion complete.

# Packing took 0.17 seconds (max_rss 52.1 MiB, delta_rss +0.1 MiB)
# Load Packing
Begin loading packed FPGA netlist file.
Netlist generated from file 'AL4S3B_FPGA_Top.net'.
Detected 2 constant generators (to see names run with higher pack verbosity)
Finished loading packed FPGA netlist file (took 0.04717 seconds).
# Load Packing took 0.05 seconds (max_rss 54.0 MiB, delta_rss +1.9 MiB)
Warning 18: Netlist contains 0 global net to non-global architecture pin connections
Warning 19: Logic block #133 ($false) has only 1 output pin '$false.GND0_GND[0]'. It may be a constant generator.
Warning 20: Logic block #134 ($true) has only 1 output pin '$true.VCC0_VCC[0]'. It may be a constant generator.

Netlist num_nets: 285
Netlist num_blocks: 135
Netlist EMPTY blocks: 0.
Netlist PB-GMUX blocks: 2.
Netlist PB-LOGIC blocks: 98.
Netlist PB-CLOCK blocks: 0.
Netlist PB-MULT blocks: 0.
Netlist PB-SDIOMUX blocks: 0.
Netlist PB-RAM blocks: 0.
Netlist PB-SYN_VCC blocks: 1.
Netlist PB-BIDIR blocks: 32.
Netlist PB-SYN_GND blocks: 1.
Netlist PB-ASSP blocks: 1.
Netlist inputs pins: 32
Netlist output pins: 96


Pb types usage...
  PB-GMUX           : 2
   GMUX             : 2
    IC              : 2
     gmux           : 2
  PB-LOGIC          : 98
   LOGIC            : 98
    FRAGS           : 98
     c_frag_modes   : 98
      SINGLE        : 4
       c_frag       : 4
      SPLIT         : 94
       b_frag       : 94
       t_frag       : 93
     q_frag_modes   : 70
      INT           : 69
       q_frag       : 69
      EXT           : 1
       q_frag       : 1
  PB-SYN_VCC        : 1
   VCC              : 1
  PB-BIDIR          : 32
   BIDIR            : 32
    INOUT           : 32
     bidir          : 32
     inpad          : 32
     outpad         : 32
  PB-SYN_GND        : 1
   GND              : 1
  PB-ASSP           : 1
   ASSP             : 1

# Create Device
## Build Device Grid
FPGA sized to 39 x 35: 1365 grid tiles (ql-eos-s3)

Resource usage...
	Netlist
		2	blocks of type: PB-GMUX
	Architecture
		5	blocks of type: TL-GMUX
	Netlist
		98	blocks of type: PB-LOGIC
	Architecture
		891	blocks of type: TL-LOGIC
	Netlist
		0	blocks of type: PB-CLOCK
	Architecture
		5	blocks of type: TL-CLOCK
	Netlist
		0	blocks of type: PB-MULT
	Architecture
		2	blocks of type: TL-MULT
	Netlist
		0	blocks of type: PB-SDIOMUX
	Architecture
		14	blocks of type: TL-SDIOMUX
	Netlist
		0	blocks of type: PB-RAM
	Architecture
		4	blocks of type: TL-RAM
	Netlist
		1	blocks of type: PB-SYN_VCC
	Architecture
		1	blocks of type: TL-SYN_VCC
	Netlist
		32	blocks of type: PB-BIDIR
	Architecture
		32	blocks of type: TL-BIDIR
	Netlist
		1	blocks of type: PB-SYN_GND
	Architecture
		1	blocks of type: TL-SYN_GND
	Netlist
		1	blocks of type: PB-ASSP
	Architecture
		1	blocks of type: TL-ASSP

Device Utilization: 0.10 (target 1.00)
	Physical Tile TL-LOGIC:
	Block Utilization: 0.11 Logical Block: PB-LOGIC
	Physical Tile TL-RAM:
	Block Utilization: 0.00 Logical Block: PB-RAM
	Physical Tile TL-MULT:
	Block Utilization: 0.00 Logical Block: PB-MULT
	Physical Tile TL-BIDIR:
	Block Utilization: 1.00 Logical Block: PB-BIDIR
	Physical Tile TL-CLOCK:
	Block Utilization: 0.00 Logical Block: PB-CLOCK
	Physical Tile TL-SDIOMUX:
	Block Utilization: 0.00 Logical Block: PB-SDIOMUX
	Physical Tile TL-GMUX:
	Block Utilization: 0.40 Logical Block: PB-GMUX
	Physical Tile TL-ASSP:
	Block Utilization: 1.00 Logical Block: PB-ASSP
	Physical Tile TL-SYN_VCC:
	Block Utilization: 1.00 Logical Block: PB-SYN_VCC
	Physical Tile TL-SYN_GND:
	Block Utilization: 1.00 Logical Block: PB-SYN_GND

## Build Device Grid took 0.00 seconds (max_rss 54.1 MiB, delta_rss +0.0 MiB)
## Loading routing resource graph



Warning 21: This architecture version is for VPR 8.1.0-dev+dadca7ecf-dirty while your current VPR version is 8.1.0-dev+dadca7ecf compatability issues may arise

## Loading routing resource graph took 4.59 seconds (max_rss 357.6 MiB, delta_rss +303.4 MiB)
  RR Graph Nodes: 1396446
  RR Graph Edges: 2337988
# Create Device took 5.50 seconds (max_rss 405.3 MiB, delta_rss +351.2 MiB)


Flow timing analysis took 0.000359154 seconds (0.000304919 STA, 5.4235e-05 slack) (1 full updates: 1 setup, 0 hold, 0 combined).
VPR succeeded
The entire flow of VPR took 6.77 seconds (max_rss 405.3 MiB)
